<?xml version="1.0" encoding="UTF-8"?>
<testsuite name="com.jk.book.springboot.web.dto.HelloResponseDtoTest" tests="1" skipped="0" failures="0" errors="0" timestamp="2020-12-14T14:41:02" hostname="wook-MacBook-Pro.local" time="0.047">
  <properties/>
  <testcase name="롬북_기능_테스트" classname="com.jk.book.springboot.web.dto.HelloResponseDtoTest" time="0.047"/>
  <system-out><![CDATA[]]></system-out>
  <system-err><![CDATA[]]></system-err>
</testsuite>
