<?xml version="1.0" encoding="UTF-8"?>
<testsuite name="com.jk.book.springboot.web.HelloControllerTest" tests="2" skipped="0" failures="0" errors="0" timestamp="2020-12-14T12:18:22" hostname="wook-MacBook-Pro.local" time="0.132">
  <properties/>
  <testcase name="hello_리턴된다" classname="com.jk.book.springboot.web.HelloControllerTest" time="0.064"/>
  <testcase name="helloDto가_리턴된다" classname="com.jk.book.springboot.web.HelloControllerTest" time="0.067"/>
  <system-out><![CDATA[2020-12-14 21:18:22.115  INFO 1909 --- [    Test worker] .b.t.a.w.s.WebMvcTestContextBootstrapper : Neither @ContextConfiguration nor @ContextHierarchy found for test class [com.jk.book.springboot.web.HelloControllerTest], using SpringBootContextLoader
2020-12-14 21:18:22.116  INFO 1909 --- [    Test worker] o.s.t.c.support.AbstractContextLoader    : Could not detect default resource locations for test class [com.jk.book.springboot.web.HelloControllerTest]: no resource found for suffixes {-context.xml, Context.groovy}.
2020-12-14 21:18:22.116  INFO 1909 --- [    Test worker] t.c.s.AnnotationConfigContextLoaderUtils : Could not detect default configuration classes for test class [com.jk.book.springboot.web.HelloControllerTest]: HelloControllerTest does not declare any static, non-private, non-final, nested classes annotated with @Configuration.
2020-12-14 21:18:22.128  INFO 1909 --- [    Test worker] .b.t.c.SpringBootTestContextBootstrapper : Found @SpringBootConfiguration com.jk.book.springboot.Application for test class com.jk.book.springboot.web.HelloControllerTest
2020-12-14 21:18:22.129  INFO 1909 --- [    Test worker] .b.t.a.w.s.WebMvcTestContextBootstrapper : Loaded default TestExecutionListener class names from location [META-INF/spring.factories]: [org.springframework.security.test.context.support.WithSecurityContextTestExecutionListener, org.springframework.security.test.context.support.ReactorContextTestExecutionListener, org.springframework.boot.test.autoconfigure.restdocs.RestDocsTestExecutionListener, org.springframework.boot.test.autoconfigure.web.client.MockRestServiceServerResetTestExecutionListener, org.springframework.boot.test.autoconfigure.web.servlet.MockMvcPrintOnlyOnFailureTestExecutionListener, org.springframework.boot.test.autoconfigure.web.servlet.WebDriverTestExecutionListener, org.springframework.boot.test.mock.mockito.MockitoTestExecutionListener, org.springframework.boot.test.mock.mockito.ResetMocksTestExecutionListener, org.springframework.test.context.web.ServletTestExecutionListener, org.springframework.test.context.support.DirtiesContextBeforeModesTestExecutionListener, org.springframework.test.context.support.DependencyInjectionTestExecutionListener, org.springframework.test.context.support.DirtiesContextTestExecutionListener, org.springframework.test.context.transaction.TransactionalTestExecutionListener, org.springframework.test.context.jdbc.SqlScriptsTestExecutionListener]
2020-12-14 21:18:22.130  INFO 1909 --- [    Test worker] .b.t.a.w.s.WebMvcTestContextBootstrapper : Using TestExecutionListeners: [org.springframework.test.context.web.ServletTestExecutionListener@63d4509f, org.springframework.test.context.support.DirtiesContextBeforeModesTestExecutionListener@71e0775e, org.springframework.boot.test.mock.mockito.MockitoTestExecutionListener@54e16fd6, org.springframework.boot.test.autoconfigure.SpringBootDependencyInjectionTestExecutionListener@6d67cf75, org.springframework.test.context.support.DirtiesContextTestExecutionListener@2c763aee, org.springframework.test.context.transaction.TransactionalTestExecutionListener@5edee2b9, org.springframework.test.context.jdbc.SqlScriptsTestExecutionListener@19eb96b, org.springframework.security.test.context.support.WithSecurityContextTestExecutionListener@52d1c24a, org.springframework.security.test.context.support.ReactorContextTestExecutionListener@4fed23b4, org.springframework.boot.test.autoconfigure.restdocs.RestDocsTestExecutionListener@660fdbda, org.springframework.boot.test.autoconfigure.web.client.MockRestServiceServerResetTestExecutionListener@12ae7391, org.springframework.boot.test.autoconfigure.web.servlet.MockMvcPrintOnlyOnFailureTestExecutionListener@4eb1201c, org.springframework.boot.test.autoconfigure.web.servlet.WebDriverTestExecutionListener@68e74afd, org.springframework.boot.test.mock.mockito.ResetMocksTestExecutionListener@70ae9d30]

  .   ____          _            __ _ _
 /\\ / ___'_ __ _ _(_)_ __  __ _ \ \ \ \
( ( )\___ | '_ | '_| | '_ \/ _` | \ \ \ \
 \\/  ___)| |_)| | | | | || (_| |  ) ) ) )
  '  |____| .__|_| |_|_| |_\__, | / / / /
 =========|_|==============|___/=/_/_/_/
 :: Spring Boot ::        (v2.1.7.RELEASE)

2020-12-14 21:18:22.157  INFO 1909 --- [    Test worker] c.j.b.s.web.HelloControllerTest          : Starting HelloControllerTest on wook-MacBook-Pro.local with PID 1909 (started by wook in /Users/wook/ProjectI/springboot2)
2020-12-14 21:18:22.157  INFO 1909 --- [    Test worker] c.j.b.s.web.HelloControllerTest          : The following profiles are active: oauth
2020-12-14 21:18:22.472  INFO 1909 --- [    Test worker] o.s.s.concurrent.ThreadPoolTaskExecutor  : Initializing ExecutorService 'applicationTaskExecutor'
2020-12-14 21:18:22.500  INFO 1909 --- [    Test worker] o.s.b.a.w.s.WelcomePageHandlerMapping    : Adding welcome page: class path resource [static/index.html]
2020-12-14 21:18:22.659  INFO 1909 --- [    Test worker] .s.s.UserDetailsServiceAutoConfiguration : 

Using generated security password: c3bae745-0206-488a-a8a0-bda435135a87

2020-12-14 21:18:22.749  INFO 1909 --- [    Test worker] o.s.s.web.DefaultSecurityFilterChain     : Creating filter chain: any request, [org.springframework.security.web.context.request.async.WebAsyncManagerIntegrationFilter@50531407, org.springframework.security.web.context.SecurityContextPersistenceFilter@19b106a3, org.springframework.security.web.header.HeaderWriterFilter@79543ecf, org.springframework.security.web.csrf.CsrfFilter@532daa95, org.springframework.security.web.authentication.logout.LogoutFilter@1b971855, org.springframework.security.web.authentication.UsernamePasswordAuthenticationFilter@3862cb3e, org.springframework.security.web.authentication.ui.DefaultLoginPageGeneratingFilter@553d472, org.springframework.security.web.authentication.ui.DefaultLogoutPageGeneratingFilter@3b7cfad2, org.springframework.security.web.authentication.www.BasicAuthenticationFilter@5f9656da, org.springframework.security.web.savedrequest.RequestCacheAwareFilter@b4b15c, org.springframework.security.web.servletapi.SecurityContextHolderAwareRequestFilter@58ce55c3, org.springframework.security.web.authentication.AnonymousAuthenticationFilter@56315be1, org.springframework.security.web.session.SessionManagementFilter@47134a72, org.springframework.security.web.access.ExceptionTranslationFilter@441bb0f1, org.springframework.security.web.access.intercept.FilterSecurityInterceptor@5d8363b8]
2020-12-14 21:18:22.771  INFO 1909 --- [    Test worker] o.s.b.t.m.w.SpringBootMockServletContext : Initializing Spring TestDispatcherServlet ''
2020-12-14 21:18:22.772  INFO 1909 --- [    Test worker] o.s.t.web.servlet.TestDispatcherServlet  : Initializing Servlet ''
2020-12-14 21:18:22.782  INFO 1909 --- [    Test worker] o.s.t.web.servlet.TestDispatcherServlet  : Completed initialization in 10 ms
2020-12-14 21:18:22.807  INFO 1909 --- [    Test worker] c.j.b.s.web.HelloControllerTest          : Started HelloControllerTest in 0.672 seconds (JVM running for 6.212)
]]></system-out>
  <system-err><![CDATA[]]></system-err>
</testsuite>
