<?xml version="1.0" encoding="UTF-8"?>
<testsuite name="com.jk.book.springboot.web.IndexControllerTest" tests="1" skipped="0" failures="0" errors="0" timestamp="2020-12-16T14:50:51" hostname="wook-MacBook-Pro.local" time="0.002">
  <properties/>
  <testcase name="메인페이지_로딩" classname="com.jk.book.springboot.web.IndexControllerTest" time="0.002"/>
  <system-out><![CDATA[2020-12-16 23:50:48.511  INFO 10635 --- [    Test worker] .b.t.c.SpringBootTestContextBootstrapper : Neither @ContextConfiguration nor @ContextHierarchy found for test class [com.jk.book.springboot.web.IndexControllerTest], using SpringBootContextLoader
2020-12-16 23:50:48.512  INFO 10635 --- [    Test worker] o.s.t.c.support.AbstractContextLoader    : Could not detect default resource locations for test class [com.jk.book.springboot.web.IndexControllerTest]: no resource found for suffixes {-context.xml, Context.groovy}.
2020-12-16 23:50:48.512  INFO 10635 --- [    Test worker] t.c.s.AnnotationConfigContextLoaderUtils : Could not detect default configuration classes for test class [com.jk.book.springboot.web.IndexControllerTest]: IndexControllerTest does not declare any static, non-private, non-final, nested classes annotated with @Configuration.
2020-12-16 23:50:48.514  INFO 10635 --- [    Test worker] .b.t.c.SpringBootTestContextBootstrapper : Found @SpringBootConfiguration com.jk.book.springboot.Application for test class com.jk.book.springboot.web.IndexControllerTest
2020-12-16 23:50:48.515  INFO 10635 --- [    Test worker] .b.t.c.SpringBootTestContextBootstrapper : Loaded default TestExecutionListener class names from location [META-INF/spring.factories]: [org.springframework.security.test.context.support.WithSecurityContextTestExecutionListener, org.springframework.security.test.context.support.ReactorContextTestExecutionListener, org.springframework.boot.test.autoconfigure.restdocs.RestDocsTestExecutionListener, org.springframework.boot.test.autoconfigure.web.client.MockRestServiceServerResetTestExecutionListener, org.springframework.boot.test.autoconfigure.web.servlet.MockMvcPrintOnlyOnFailureTestExecutionListener, org.springframework.boot.test.autoconfigure.web.servlet.WebDriverTestExecutionListener, org.springframework.boot.test.mock.mockito.MockitoTestExecutionListener, org.springframework.boot.test.mock.mockito.ResetMocksTestExecutionListener, org.springframework.test.context.web.ServletTestExecutionListener, org.springframework.test.context.support.DirtiesContextBeforeModesTestExecutionListener, org.springframework.test.context.support.DependencyInjectionTestExecutionListener, org.springframework.test.context.support.DirtiesContextTestExecutionListener, org.springframework.test.context.transaction.TransactionalTestExecutionListener, org.springframework.test.context.jdbc.SqlScriptsTestExecutionListener]
2020-12-16 23:50:48.516  INFO 10635 --- [    Test worker] .b.t.c.SpringBootTestContextBootstrapper : Using TestExecutionListeners: [org.springframework.test.context.web.ServletTestExecutionListener@27ca5a29, org.springframework.test.context.support.DirtiesContextBeforeModesTestExecutionListener@7eaa3215, org.springframework.boot.test.mock.mockito.MockitoTestExecutionListener@3336848d, org.springframework.boot.test.autoconfigure.SpringBootDependencyInjectionTestExecutionListener@28f74a6e, org.springframework.test.context.support.DirtiesContextTestExecutionListener@5d99464b, org.springframework.test.context.transaction.TransactionalTestExecutionListener@728ced77, org.springframework.test.context.jdbc.SqlScriptsTestExecutionListener@75991d47, org.springframework.security.test.context.support.WithSecurityContextTestExecutionListener@67af8da0, org.springframework.security.test.context.support.ReactorContextTestExecutionListener@70932400, org.springframework.boot.test.autoconfigure.restdocs.RestDocsTestExecutionListener@65619830, org.springframework.boot.test.autoconfigure.web.client.MockRestServiceServerResetTestExecutionListener@58afc2fe, org.springframework.boot.test.autoconfigure.web.servlet.MockMvcPrintOnlyOnFailureTestExecutionListener@43f696c6, org.springframework.boot.test.autoconfigure.web.servlet.WebDriverTestExecutionListener@2aac099c, org.springframework.boot.test.mock.mockito.ResetMocksTestExecutionListener@4365a4e1]

  .   ____          _            __ _ _
 /\\ / ___'_ __ _ _(_)_ __  __ _ \ \ \ \
( ( )\___ | '_ | '_| | '_ \/ _` | \ \ \ \
 \\/  ___)| |_)| | | | | || (_| |  ) ) ) )
  '  |____| .__|_| |_|_| |_\__, | / / / /
 =========|_|==============|___/=/_/_/_/
 :: Spring Boot ::        (v2.1.7.RELEASE)

2020-12-16 23:50:48.542  INFO 10635 --- [    Test worker] c.j.b.s.web.IndexControllerTest          : Starting IndexControllerTest on wook-MacBook-Pro.local with PID 10635 (started by wook in /Users/wook/ProjectI/springboot2)
2020-12-16 23:50:48.543  INFO 10635 --- [    Test worker] c.j.b.s.web.IndexControllerTest          : The following profiles are active: oauth
2020-12-16 23:50:48.807  INFO 10635 --- [    Test worker] .s.d.r.c.RepositoryConfigurationDelegate : Bootstrapping Spring Data repositories in DEFAULT mode.
2020-12-16 23:50:48.863  INFO 10635 --- [    Test worker] .s.d.r.c.RepositoryConfigurationDelegate : Finished Spring Data repository scanning in 50ms. Found 2 repository interfaces.
2020-12-16 23:50:49.086  INFO 10635 --- [    Test worker] trationDelegate$BeanPostProcessorChecker : Bean 'org.springframework.transaction.annotation.ProxyTransactionManagementConfiguration' of type [org.springframework.transaction.annotation.ProxyTransactionManagementConfiguration$$EnhancerBySpringCGLIB$$3421563f] is not eligible for getting processed by all BeanPostProcessors (for example: not eligible for auto-proxying)
2020-12-16 23:50:49.359  INFO 10635 --- [    Test worker] o.s.b.w.embedded.tomcat.TomcatWebServer  : Tomcat initialized with port(s): 0 (http)
2020-12-16 23:50:49.385  INFO 10635 --- [    Test worker] o.apache.catalina.core.StandardService   : Starting service [Tomcat]
2020-12-16 23:50:49.385  INFO 10635 --- [    Test worker] org.apache.catalina.core.StandardEngine  : Starting Servlet engine: [Apache Tomcat/9.0.22]
2020-12-16 23:50:49.492  INFO 10635 --- [    Test worker] o.a.c.c.C.[Tomcat].[localhost].[/]       : Initializing Spring embedded WebApplicationContext
2020-12-16 23:50:49.493  INFO 10635 --- [    Test worker] o.s.web.context.ContextLoader            : Root WebApplicationContext: initialization completed in 949 ms
2020-12-16 23:50:49.701  INFO 10635 --- [    Test worker] com.zaxxer.hikari.HikariDataSource       : HikariPool-1 - Starting...
2020-12-16 23:50:49.851  INFO 10635 --- [    Test worker] com.zaxxer.hikari.HikariDataSource       : HikariPool-1 - Start completed.
2020-12-16 23:50:49.925  INFO 10635 --- [    Test worker] o.hibernate.jpa.internal.util.LogHelper  : HHH000204: Processing PersistenceUnitInfo [
	name: default
	...]
2020-12-16 23:50:49.981  INFO 10635 --- [    Test worker] org.hibernate.Version                    : HHH000412: Hibernate Core {5.3.10.Final}
2020-12-16 23:50:49.983  INFO 10635 --- [    Test worker] org.hibernate.cfg.Environment            : HHH000206: hibernate.properties not found
2020-12-16 23:50:50.023  INFO 10635 --- [    Test worker] o.hibernate.annotations.common.Version   : HCANN000001: Hibernate Commons Annotations {5.0.4.Final}
2020-12-16 23:50:50.128  INFO 10635 --- [    Test worker] org.hibernate.dialect.Dialect            : HHH000400: Using dialect: org.hibernate.dialect.MySQL5Dialect
Hibernate: drop table if exists posts
Hibernate: drop table if exists user
Hibernate: create table posts (id bigint not null auto_increment, created_date datetime, modified_date datetime, author varchar(255), content TEXT not null, title varchar(500) not null, primary key (id)) engine=MyISAM
Hibernate: create table user (id bigint not null auto_increment, email varchar(255) not null, name varchar(255) not null, picture varchar(255), role varchar(255) not null, primary key (id)) engine=MyISAM
2020-12-16 23:50:50.802  INFO 10635 --- [    Test worker] o.h.t.schema.internal.SchemaCreatorImpl  : HHH000476: Executing import script 'org.hibernate.tool.schema.internal.exec.ScriptSourceInputNonExistentImpl@5e0a5e75'
2020-12-16 23:50:50.804  INFO 10635 --- [    Test worker] j.LocalContainerEntityManagerFactoryBean : Initialized JPA EntityManagerFactory for persistence unit 'default'
2020-12-16 23:50:51.310  INFO 10635 --- [    Test worker] o.h.h.i.QueryTranslatorFactoryInitiator  : HHH000397: Using ASTQueryTranslatorFactory
2020-12-16 23:50:51.566  INFO 10635 --- [    Test worker] o.s.s.web.DefaultSecurityFilterChain     : Creating filter chain: any request, [org.springframework.security.web.context.request.async.WebAsyncManagerIntegrationFilter@58fc8448, org.springframework.security.web.context.SecurityContextPersistenceFilter@30d6546, org.springframework.security.web.header.HeaderWriterFilter@7c7167d0, org.springframework.security.web.authentication.logout.LogoutFilter@11390dcd, org.springframework.security.oauth2.client.web.OAuth2AuthorizationRequestRedirectFilter@317c3729, org.springframework.security.oauth2.client.web.OAuth2LoginAuthenticationFilter@25bc14af, org.springframework.security.web.authentication.ui.DefaultLoginPageGeneratingFilter@79f660e0, org.springframework.security.web.authentication.ui.DefaultLogoutPageGeneratingFilter@2f198fc3, org.springframework.security.web.savedrequest.RequestCacheAwareFilter@2e6c745c, org.springframework.security.web.servletapi.SecurityContextHolderAwareRequestFilter@5954c9a6, org.springframework.security.web.authentication.AnonymousAuthenticationFilter@6ac5efe3, org.springframework.security.web.session.SessionManagementFilter@2600d05c, org.springframework.security.web.access.ExceptionTranslationFilter@2a5fd36, org.springframework.security.web.access.intercept.FilterSecurityInterceptor@2f53d091]
2020-12-16 23:50:51.715  INFO 10635 --- [    Test worker] o.s.s.concurrent.ThreadPoolTaskExecutor  : Initializing ExecutorService 'applicationTaskExecutor'
2020-12-16 23:50:51.728  WARN 10635 --- [    Test worker] aWebConfiguration$JpaWebMvcConfiguration : spring.jpa.open-in-view is enabled by default. Therefore, database queries may be performed during view rendering. Explicitly configure spring.jpa.open-in-view to disable this warning
2020-12-16 23:50:51.755  INFO 10635 --- [    Test worker] o.s.b.a.w.s.WelcomePageHandlerMapping    : Adding welcome page: class path resource [static/index.html]
2020-12-16 23:50:51.951  INFO 10635 --- [    Test worker] s.a.ScheduledAnnotationBeanPostProcessor : No TaskScheduler/ScheduledExecutorService bean found for scheduled processing
2020-12-16 23:50:51.971  INFO 10635 --- [    Test worker] o.s.b.w.embedded.tomcat.TomcatWebServer  : Tomcat started on port(s): 58787 (http) with context path ''
2020-12-16 23:50:51.972  INFO 10635 --- [    Test worker] c.j.b.s.web.IndexControllerTest          : Started IndexControllerTest in 3.455 seconds (JVM running for 6.348)
]]></system-out>
  <system-err><![CDATA[]]></system-err>
</testsuite>
