<?xml version="1.0" encoding="UTF-8"?>
<testsuite name="com.jk.book.springboot.web.IndexControllerTest" tests="1" skipped="0" failures="0" errors="0" timestamp="2020-12-14T14:15:03" hostname="wook-MacBook-Pro.local" time="0.002">
  <properties/>
  <testcase name="메인페이지_로딩" classname="com.jk.book.springboot.web.IndexControllerTest" time="0.002"/>
  <system-out><![CDATA[2020-12-14 23:14:59.970  INFO 2668 --- [    Test worker] .b.t.c.SpringBootTestContextBootstrapper : Neither @ContextConfiguration nor @ContextHierarchy found for test class [com.jk.book.springboot.web.IndexControllerTest], using SpringBootContextLoader
2020-12-14 23:14:59.970  INFO 2668 --- [    Test worker] o.s.t.c.support.AbstractContextLoader    : Could not detect default resource locations for test class [com.jk.book.springboot.web.IndexControllerTest]: no resource found for suffixes {-context.xml, Context.groovy}.
2020-12-14 23:14:59.970  INFO 2668 --- [    Test worker] t.c.s.AnnotationConfigContextLoaderUtils : Could not detect default configuration classes for test class [com.jk.book.springboot.web.IndexControllerTest]: IndexControllerTest does not declare any static, non-private, non-final, nested classes annotated with @Configuration.
2020-12-14 23:14:59.972  INFO 2668 --- [    Test worker] .b.t.c.SpringBootTestContextBootstrapper : Found @SpringBootConfiguration com.jk.book.springboot.Application for test class com.jk.book.springboot.web.IndexControllerTest
2020-12-14 23:14:59.973  INFO 2668 --- [    Test worker] .b.t.c.SpringBootTestContextBootstrapper : Loaded default TestExecutionListener class names from location [META-INF/spring.factories]: [org.springframework.security.test.context.support.WithSecurityContextTestExecutionListener, org.springframework.security.test.context.support.ReactorContextTestExecutionListener, org.springframework.boot.test.autoconfigure.restdocs.RestDocsTestExecutionListener, org.springframework.boot.test.autoconfigure.web.client.MockRestServiceServerResetTestExecutionListener, org.springframework.boot.test.autoconfigure.web.servlet.MockMvcPrintOnlyOnFailureTestExecutionListener, org.springframework.boot.test.autoconfigure.web.servlet.WebDriverTestExecutionListener, org.springframework.boot.test.mock.mockito.MockitoTestExecutionListener, org.springframework.boot.test.mock.mockito.ResetMocksTestExecutionListener, org.springframework.test.context.web.ServletTestExecutionListener, org.springframework.test.context.support.DirtiesContextBeforeModesTestExecutionListener, org.springframework.test.context.support.DependencyInjectionTestExecutionListener, org.springframework.test.context.support.DirtiesContextTestExecutionListener, org.springframework.test.context.transaction.TransactionalTestExecutionListener, org.springframework.test.context.jdbc.SqlScriptsTestExecutionListener]
2020-12-14 23:14:59.974  INFO 2668 --- [    Test worker] .b.t.c.SpringBootTestContextBootstrapper : Using TestExecutionListeners: [org.springframework.test.context.web.ServletTestExecutionListener@6d2295db, org.springframework.test.context.support.DirtiesContextBeforeModesTestExecutionListener@782a7d78, org.springframework.boot.test.mock.mockito.MockitoTestExecutionListener@28481689, org.springframework.boot.test.autoconfigure.SpringBootDependencyInjectionTestExecutionListener@1f173d27, org.springframework.test.context.support.DirtiesContextTestExecutionListener@66e2ef53, org.springframework.test.context.transaction.TransactionalTestExecutionListener@4d888f4a, org.springframework.test.context.jdbc.SqlScriptsTestExecutionListener@251c242c, org.springframework.security.test.context.support.WithSecurityContextTestExecutionListener@3c4dbad, org.springframework.security.test.context.support.ReactorContextTestExecutionListener@72ad34f1, org.springframework.boot.test.autoconfigure.restdocs.RestDocsTestExecutionListener@7b560731, org.springframework.boot.test.autoconfigure.web.client.MockRestServiceServerResetTestExecutionListener@3faf6133, org.springframework.boot.test.autoconfigure.web.servlet.MockMvcPrintOnlyOnFailureTestExecutionListener@1a93ccd8, org.springframework.boot.test.autoconfigure.web.servlet.WebDriverTestExecutionListener@10279c7, org.springframework.boot.test.mock.mockito.ResetMocksTestExecutionListener@4a268959]

  .   ____          _            __ _ _
 /\\ / ___'_ __ _ _(_)_ __  __ _ \ \ \ \
( ( )\___ | '_ | '_| | '_ \/ _` | \ \ \ \
 \\/  ___)| |_)| | | | | || (_| |  ) ) ) )
  '  |____| .__|_| |_|_| |_\__, | / / / /
 =========|_|==============|___/=/_/_/_/
 :: Spring Boot ::        (v2.1.7.RELEASE)

2020-12-14 23:15:00.003  INFO 2668 --- [    Test worker] c.j.b.s.web.IndexControllerTest          : Starting IndexControllerTest on wook-MacBook-Pro.local with PID 2668 (started by wook in /Users/wook/ProjectI/springboot2)
2020-12-14 23:15:00.003  INFO 2668 --- [    Test worker] c.j.b.s.web.IndexControllerTest          : The following profiles are active: oauth
2020-12-14 23:15:00.280  INFO 2668 --- [    Test worker] .s.d.r.c.RepositoryConfigurationDelegate : Bootstrapping Spring Data repositories in DEFAULT mode.
2020-12-14 23:15:00.338  INFO 2668 --- [    Test worker] .s.d.r.c.RepositoryConfigurationDelegate : Finished Spring Data repository scanning in 51ms. Found 2 repository interfaces.
2020-12-14 23:15:00.572  INFO 2668 --- [    Test worker] trationDelegate$BeanPostProcessorChecker : Bean 'org.springframework.transaction.annotation.ProxyTransactionManagementConfiguration' of type [org.springframework.transaction.annotation.ProxyTransactionManagementConfiguration$$EnhancerBySpringCGLIB$$df1458d2] is not eligible for getting processed by all BeanPostProcessors (for example: not eligible for auto-proxying)
2020-12-14 23:15:00.845  INFO 2668 --- [    Test worker] o.s.b.w.embedded.tomcat.TomcatWebServer  : Tomcat initialized with port(s): 0 (http)
2020-12-14 23:15:00.872  INFO 2668 --- [    Test worker] o.apache.catalina.core.StandardService   : Starting service [Tomcat]
2020-12-14 23:15:00.873  INFO 2668 --- [    Test worker] org.apache.catalina.core.StandardEngine  : Starting Servlet engine: [Apache Tomcat/9.0.22]
2020-12-14 23:15:00.980  INFO 2668 --- [    Test worker] o.a.c.c.C.[Tomcat].[localhost].[/]       : Initializing Spring embedded WebApplicationContext
2020-12-14 23:15:00.980  INFO 2668 --- [    Test worker] o.s.web.context.ContextLoader            : Root WebApplicationContext: initialization completed in 975 ms
2020-12-14 23:15:01.184  INFO 2668 --- [    Test worker] com.zaxxer.hikari.HikariDataSource       : HikariPool-1 - Starting...
2020-12-14 23:15:01.309  INFO 2668 --- [    Test worker] com.zaxxer.hikari.HikariDataSource       : HikariPool-1 - Start completed.
2020-12-14 23:15:01.377  INFO 2668 --- [    Test worker] o.hibernate.jpa.internal.util.LogHelper  : HHH000204: Processing PersistenceUnitInfo [
	name: default
	...]
2020-12-14 23:15:01.434  INFO 2668 --- [    Test worker] org.hibernate.Version                    : HHH000412: Hibernate Core {5.3.10.Final}
2020-12-14 23:15:01.435  INFO 2668 --- [    Test worker] org.hibernate.cfg.Environment            : HHH000206: hibernate.properties not found
2020-12-14 23:15:01.482  INFO 2668 --- [    Test worker] o.hibernate.annotations.common.Version   : HCANN000001: Hibernate Commons Annotations {5.0.4.Final}
2020-12-14 23:15:01.606  INFO 2668 --- [    Test worker] org.hibernate.dialect.Dialect            : HHH000400: Using dialect: org.hibernate.dialect.MySQL5Dialect
Hibernate: drop table if exists posts
Hibernate: drop table if exists user
Hibernate: create table posts (id bigint not null auto_increment, created_date datetime, modified_date datetime, author varchar(255), content TEXT not null, title varchar(500) not null, primary key (id)) engine=MyISAM
Hibernate: create table user (id bigint not null auto_increment, email varchar(255) not null, name varchar(255) not null, picture varchar(255), role varchar(255) not null, primary key (id)) engine=MyISAM
2020-12-14 23:15:02.289  INFO 2668 --- [    Test worker] o.h.t.schema.internal.SchemaCreatorImpl  : HHH000476: Executing import script 'org.hibernate.tool.schema.internal.exec.ScriptSourceInputNonExistentImpl@5b80d267'
2020-12-14 23:15:02.292  INFO 2668 --- [    Test worker] j.LocalContainerEntityManagerFactoryBean : Initialized JPA EntityManagerFactory for persistence unit 'default'
2020-12-14 23:15:02.813  INFO 2668 --- [    Test worker] o.h.h.i.QueryTranslatorFactoryInitiator  : HHH000397: Using ASTQueryTranslatorFactory
2020-12-14 23:15:03.087  INFO 2668 --- [    Test worker] o.s.s.web.DefaultSecurityFilterChain     : Creating filter chain: any request, [org.springframework.security.web.context.request.async.WebAsyncManagerIntegrationFilter@4bb9cd8d, org.springframework.security.web.context.SecurityContextPersistenceFilter@1db89806, org.springframework.security.web.header.HeaderWriterFilter@3e90b2ff, org.springframework.security.web.authentication.logout.LogoutFilter@6cce7a6c, org.springframework.security.oauth2.client.web.OAuth2AuthorizationRequestRedirectFilter@6cb1d3e6, org.springframework.security.oauth2.client.web.OAuth2LoginAuthenticationFilter@4f60f3c9, org.springframework.security.web.authentication.ui.DefaultLoginPageGeneratingFilter@35efac7f, org.springframework.security.web.authentication.ui.DefaultLogoutPageGeneratingFilter@1c004b0e, org.springframework.security.web.savedrequest.RequestCacheAwareFilter@5cb8bfc8, org.springframework.security.web.servletapi.SecurityContextHolderAwareRequestFilter@6704f9ea, org.springframework.security.web.authentication.AnonymousAuthenticationFilter@54b61dfc, org.springframework.security.web.session.SessionManagementFilter@18f95805, org.springframework.security.web.access.ExceptionTranslationFilter@2d6d958c, org.springframework.security.web.access.intercept.FilterSecurityInterceptor@4df4d077]
2020-12-14 23:15:03.247  INFO 2668 --- [    Test worker] o.s.s.concurrent.ThreadPoolTaskExecutor  : Initializing ExecutorService 'applicationTaskExecutor'
2020-12-14 23:15:03.260  WARN 2668 --- [    Test worker] aWebConfiguration$JpaWebMvcConfiguration : spring.jpa.open-in-view is enabled by default. Therefore, database queries may be performed during view rendering. Explicitly configure spring.jpa.open-in-view to disable this warning
2020-12-14 23:15:03.281  INFO 2668 --- [    Test worker] o.s.b.a.w.s.WelcomePageHandlerMapping    : Adding welcome page: class path resource [static/index.html]
2020-12-14 23:15:03.472  INFO 2668 --- [    Test worker] s.a.ScheduledAnnotationBeanPostProcessor : No TaskScheduler/ScheduledExecutorService bean found for scheduled processing
2020-12-14 23:15:03.493  INFO 2668 --- [    Test worker] o.s.b.w.embedded.tomcat.TomcatWebServer  : Tomcat started on port(s): 52555 (http) with context path ''
2020-12-14 23:15:03.493  INFO 2668 --- [    Test worker] c.j.b.s.web.IndexControllerTest          : Started IndexControllerTest in 3.517 seconds (JVM running for 6.515)
]]></system-out>
  <system-err><![CDATA[]]></system-err>
</testsuite>
