<?xml version="1.0" encoding="UTF-8"?>
<testsuite name="com.jk.book.springboot.web.HelloControllerTest" tests="2" skipped="0" failures="0" errors="0" timestamp="2020-12-14T14:14:59" hostname="wook-MacBook-Pro.local" time="0.263">
  <properties/>
  <testcase name="hello_리턴된다" classname="com.jk.book.springboot.web.HelloControllerTest" time="0.193"/>
  <testcase name="helloDto가_리턴된다" classname="com.jk.book.springboot.web.HelloControllerTest" time="0.07"/>
  <system-out><![CDATA[23:14:57.575 [Test worker] DEBUG org.springframework.test.context.junit4.SpringJUnit4ClassRunner - SpringJUnit4ClassRunner constructor called with [class com.jk.book.springboot.web.HelloControllerTest]
23:14:57.581 [Test worker] DEBUG org.springframework.test.context.BootstrapUtils - Instantiating CacheAwareContextLoaderDelegate from class [org.springframework.test.context.cache.DefaultCacheAwareContextLoaderDelegate]
23:14:57.587 [Test worker] DEBUG org.springframework.test.context.BootstrapUtils - Instantiating BootstrapContext using constructor [public org.springframework.test.context.support.DefaultBootstrapContext(java.lang.Class,org.springframework.test.context.CacheAwareContextLoaderDelegate)]
23:14:57.604 [Test worker] DEBUG org.springframework.test.context.BootstrapUtils - Instantiating TestContextBootstrapper for test class [com.jk.book.springboot.web.HelloControllerTest] from class [org.springframework.boot.test.autoconfigure.web.servlet.WebMvcTestContextBootstrapper]
23:14:57.621 [Test worker] INFO org.springframework.boot.test.autoconfigure.web.servlet.WebMvcTestContextBootstrapper - Neither @ContextConfiguration nor @ContextHierarchy found for test class [com.jk.book.springboot.web.HelloControllerTest], using SpringBootContextLoader
23:14:57.623 [Test worker] DEBUG org.springframework.test.context.support.AbstractContextLoader - Did not detect default resource location for test class [com.jk.book.springboot.web.HelloControllerTest]: class path resource [com/jk/book/springboot/web/HelloControllerTest-context.xml] does not exist
23:14:57.624 [Test worker] DEBUG org.springframework.test.context.support.AbstractContextLoader - Did not detect default resource location for test class [com.jk.book.springboot.web.HelloControllerTest]: class path resource [com/jk/book/springboot/web/HelloControllerTestContext.groovy] does not exist
23:14:57.624 [Test worker] INFO org.springframework.test.context.support.AbstractContextLoader - Could not detect default resource locations for test class [com.jk.book.springboot.web.HelloControllerTest]: no resource found for suffixes {-context.xml, Context.groovy}.
23:14:57.625 [Test worker] INFO org.springframework.test.context.support.AnnotationConfigContextLoaderUtils - Could not detect default configuration classes for test class [com.jk.book.springboot.web.HelloControllerTest]: HelloControllerTest does not declare any static, non-private, non-final, nested classes annotated with @Configuration.
23:14:57.679 [Test worker] DEBUG org.springframework.test.context.support.ActiveProfilesUtils - Could not find an 'annotation declaring class' for annotation type [org.springframework.test.context.ActiveProfiles] and class [com.jk.book.springboot.web.HelloControllerTest]
23:14:57.736 [Test worker] DEBUG org.springframework.context.annotation.ClassPathScanningCandidateComponentProvider - Identified candidate component class: file [/Users/wook/ProjectI/springboot2/build/classes/java/main/com/jk/book/springboot/Application.class]
23:14:57.737 [Test worker] INFO org.springframework.boot.test.context.SpringBootTestContextBootstrapper - Found @SpringBootConfiguration com.jk.book.springboot.Application for test class com.jk.book.springboot.web.HelloControllerTest
23:14:57.739 [Test worker] DEBUG org.springframework.boot.test.autoconfigure.web.servlet.WebMvcTestContextBootstrapper - @TestExecutionListeners is not present for class [com.jk.book.springboot.web.HelloControllerTest]: using defaults.
23:14:57.739 [Test worker] INFO org.springframework.boot.test.autoconfigure.web.servlet.WebMvcTestContextBootstrapper - Loaded default TestExecutionListener class names from location [META-INF/spring.factories]: [org.springframework.security.test.context.support.WithSecurityContextTestExecutionListener, org.springframework.security.test.context.support.ReactorContextTestExecutionListener, org.springframework.boot.test.autoconfigure.restdocs.RestDocsTestExecutionListener, org.springframework.boot.test.autoconfigure.web.client.MockRestServiceServerResetTestExecutionListener, org.springframework.boot.test.autoconfigure.web.servlet.MockMvcPrintOnlyOnFailureTestExecutionListener, org.springframework.boot.test.autoconfigure.web.servlet.WebDriverTestExecutionListener, org.springframework.boot.test.mock.mockito.MockitoTestExecutionListener, org.springframework.boot.test.mock.mockito.ResetMocksTestExecutionListener, org.springframework.test.context.web.ServletTestExecutionListener, org.springframework.test.context.support.DirtiesContextBeforeModesTestExecutionListener, org.springframework.test.context.support.DependencyInjectionTestExecutionListener, org.springframework.test.context.support.DirtiesContextTestExecutionListener, org.springframework.test.context.transaction.TransactionalTestExecutionListener, org.springframework.test.context.jdbc.SqlScriptsTestExecutionListener]
23:14:57.761 [Test worker] INFO org.springframework.boot.test.autoconfigure.web.servlet.WebMvcTestContextBootstrapper - Using TestExecutionListeners: [org.springframework.test.context.web.ServletTestExecutionListener@f0a8a90, org.springframework.test.context.support.DirtiesContextBeforeModesTestExecutionListener@1a8b804a, org.springframework.boot.test.mock.mockito.MockitoTestExecutionListener@75c63a1c, org.springframework.boot.test.autoconfigure.SpringBootDependencyInjectionTestExecutionListener@37be289, org.springframework.test.context.support.DirtiesContextTestExecutionListener@587eb67c, org.springframework.test.context.transaction.TransactionalTestExecutionListener@1eb1e4e9, org.springframework.test.context.jdbc.SqlScriptsTestExecutionListener@5a632bf9, org.springframework.security.test.context.support.WithSecurityContextTestExecutionListener@6d0f596, org.springframework.security.test.context.support.ReactorContextTestExecutionListener@2bb06e66, org.springframework.boot.test.autoconfigure.restdocs.RestDocsTestExecutionListener@3ab74155, org.springframework.boot.test.autoconfigure.web.client.MockRestServiceServerResetTestExecutionListener@79489919, org.springframework.boot.test.autoconfigure.web.servlet.MockMvcPrintOnlyOnFailureTestExecutionListener@78b5bfe3, org.springframework.boot.test.autoconfigure.web.servlet.WebDriverTestExecutionListener@505e2dcd, org.springframework.boot.test.mock.mockito.ResetMocksTestExecutionListener@5063737a]
23:14:57.763 [Test worker] DEBUG org.springframework.test.annotation.ProfileValueUtils - Retrieved @ProfileValueSourceConfiguration [null] for test class [com.jk.book.springboot.web.HelloControllerTest]
23:14:57.764 [Test worker] DEBUG org.springframework.test.annotation.ProfileValueUtils - Retrieved ProfileValueSource type [class org.springframework.test.annotation.SystemProfileValueSource] for class [com.jk.book.springboot.web.HelloControllerTest]
23:14:57.764 [Test worker] DEBUG org.springframework.test.annotation.ProfileValueUtils - Retrieved @ProfileValueSourceConfiguration [null] for test class [com.jk.book.springboot.web.HelloControllerTest]
23:14:57.764 [Test worker] DEBUG org.springframework.test.annotation.ProfileValueUtils - Retrieved ProfileValueSource type [class org.springframework.test.annotation.SystemProfileValueSource] for class [com.jk.book.springboot.web.HelloControllerTest]
23:14:57.767 [Test worker] DEBUG org.springframework.test.context.support.AbstractDirtiesContextTestExecutionListener - Before test class: context [DefaultTestContext@3680634e testClass = HelloControllerTest, testInstance = [null], testMethod = [null], testException = [null], mergedContextConfiguration = [WebMergedContextConfiguration@4ca835c3 testClass = HelloControllerTest, locations = '{}', classes = '{class com.jk.book.springboot.Application}', contextInitializerClasses = '[]', activeProfiles = '{}', propertySourceLocations = '{}', propertySourceProperties = '{org.springframework.boot.test.autoconfigure.web.servlet.WebMvcTestContextBootstrapper=true}', contextCustomizers = set[org.springframework.boot.test.autoconfigure.OverrideAutoConfigurationContextCustomizerFactory$DisableAutoConfigurationContextCustomizer@5c6924e2, org.springframework.boot.test.autoconfigure.filter.TypeExcludeFiltersContextCustomizer@cc26776f, org.springframework.boot.test.autoconfigure.properties.PropertyMappingContextCustomizer@bfa2d6ec, org.springframework.boot.test.autoconfigure.web.servlet.WebDriverContextCustomizerFactory$Customizer@3b36b500, [ImportsContextCustomizer@65124cb2 key = [org.springframework.boot.autoconfigure.cache.CacheAutoConfiguration, org.springframework.boot.autoconfigure.context.MessageSourceAutoConfiguration, org.springframework.boot.autoconfigure.data.web.SpringDataWebAutoConfiguration, org.springframework.boot.autoconfigure.freemarker.FreeMarkerAutoConfiguration, org.springframework.boot.autoconfigure.groovy.template.GroovyTemplateAutoConfiguration, org.springframework.boot.autoconfigure.gson.GsonAutoConfiguration, org.springframework.boot.autoconfigure.hateoas.HypermediaAutoConfiguration, org.springframework.boot.autoconfigure.http.HttpMessageConvertersAutoConfiguration, org.springframework.boot.autoconfigure.jackson.JacksonAutoConfiguration, org.springframework.boot.autoconfigure.jsonb.JsonbAutoConfiguration, org.springframework.boot.autoconfigure.mustache.MustacheAutoConfiguration, org.springframework.boot.autoconfigure.task.TaskExecutionAutoConfiguration, org.springframework.boot.autoconfigure.thymeleaf.ThymeleafAutoConfiguration, org.springframework.boot.autoconfigure.validation.ValidationAutoConfiguration, org.springframework.boot.autoconfigure.web.servlet.error.ErrorMvcAutoConfiguration, org.springframework.boot.autoconfigure.web.servlet.WebMvcAutoConfiguration, org.springframework.boot.test.autoconfigure.web.servlet.MockMvcAutoConfiguration, org.springframework.boot.test.autoconfigure.web.servlet.MockMvcSecurityAutoConfiguration, org.springframework.boot.test.autoconfigure.web.servlet.MockMvcWebClientAutoConfiguration, org.springframework.boot.test.autoconfigure.web.servlet.MockMvcWebDriverAutoConfiguration]], org.springframework.boot.test.context.filter.ExcludeFilterContextCustomizer@3f898cb, org.springframework.boot.test.json.DuplicateJsonObjectContextCustomizerFactory$DuplicateJsonObjectContextCustomizer@13a9a58c, org.springframework.boot.test.mock.mockito.MockitoContextCustomizer@0], resourceBasePath = 'src/main/webapp', contextLoader = 'org.springframework.boot.test.context.SpringBootContextLoader', parent = [null]], attributes = map[[empty]]], class annotated with @DirtiesContext [false] with mode [null].
23:14:57.767 [Test worker] DEBUG org.springframework.test.annotation.ProfileValueUtils - Retrieved @ProfileValueSourceConfiguration [null] for test class [com.jk.book.springboot.web.HelloControllerTest]
23:14:57.768 [Test worker] DEBUG org.springframework.test.annotation.ProfileValueUtils - Retrieved ProfileValueSource type [class org.springframework.test.annotation.SystemProfileValueSource] for class [com.jk.book.springboot.web.HelloControllerTest]
23:14:57.772 [Test worker] DEBUG org.springframework.test.context.support.DependencyInjectionTestExecutionListener - Performing dependency injection for test context [[DefaultTestContext@3680634e testClass = HelloControllerTest, testInstance = com.jk.book.springboot.web.HelloControllerTest@66c4140b, testMethod = [null], testException = [null], mergedContextConfiguration = [WebMergedContextConfiguration@4ca835c3 testClass = HelloControllerTest, locations = '{}', classes = '{class com.jk.book.springboot.Application}', contextInitializerClasses = '[]', activeProfiles = '{}', propertySourceLocations = '{}', propertySourceProperties = '{org.springframework.boot.test.autoconfigure.web.servlet.WebMvcTestContextBootstrapper=true}', contextCustomizers = set[org.springframework.boot.test.autoconfigure.OverrideAutoConfigurationContextCustomizerFactory$DisableAutoConfigurationContextCustomizer@5c6924e2, org.springframework.boot.test.autoconfigure.filter.TypeExcludeFiltersContextCustomizer@cc26776f, org.springframework.boot.test.autoconfigure.properties.PropertyMappingContextCustomizer@bfa2d6ec, org.springframework.boot.test.autoconfigure.web.servlet.WebDriverContextCustomizerFactory$Customizer@3b36b500, [ImportsContextCustomizer@65124cb2 key = [org.springframework.boot.autoconfigure.cache.CacheAutoConfiguration, org.springframework.boot.autoconfigure.context.MessageSourceAutoConfiguration, org.springframework.boot.autoconfigure.data.web.SpringDataWebAutoConfiguration, org.springframework.boot.autoconfigure.freemarker.FreeMarkerAutoConfiguration, org.springframework.boot.autoconfigure.groovy.template.GroovyTemplateAutoConfiguration, org.springframework.boot.autoconfigure.gson.GsonAutoConfiguration, org.springframework.boot.autoconfigure.hateoas.HypermediaAutoConfiguration, org.springframework.boot.autoconfigure.http.HttpMessageConvertersAutoConfiguration, org.springframework.boot.autoconfigure.jackson.JacksonAutoConfiguration, org.springframework.boot.autoconfigure.jsonb.JsonbAutoConfiguration, org.springframework.boot.autoconfigure.mustache.MustacheAutoConfiguration, org.springframework.boot.autoconfigure.task.TaskExecutionAutoConfiguration, org.springframework.boot.autoconfigure.thymeleaf.ThymeleafAutoConfiguration, org.springframework.boot.autoconfigure.validation.ValidationAutoConfiguration, org.springframework.boot.autoconfigure.web.servlet.error.ErrorMvcAutoConfiguration, org.springframework.boot.autoconfigure.web.servlet.WebMvcAutoConfiguration, org.springframework.boot.test.autoconfigure.web.servlet.MockMvcAutoConfiguration, org.springframework.boot.test.autoconfigure.web.servlet.MockMvcSecurityAutoConfiguration, org.springframework.boot.test.autoconfigure.web.servlet.MockMvcWebClientAutoConfiguration, org.springframework.boot.test.autoconfigure.web.servlet.MockMvcWebDriverAutoConfiguration]], org.springframework.boot.test.context.filter.ExcludeFilterContextCustomizer@3f898cb, org.springframework.boot.test.json.DuplicateJsonObjectContextCustomizerFactory$DuplicateJsonObjectContextCustomizer@13a9a58c, org.springframework.boot.test.mock.mockito.MockitoContextCustomizer@0], resourceBasePath = 'src/main/webapp', contextLoader = 'org.springframework.boot.test.context.SpringBootContextLoader', parent = [null]], attributes = map[[empty]]]].
23:14:57.856 [Test worker] DEBUG org.springframework.test.context.support.TestPropertySourceUtils - Adding inlined properties to environment: {spring.jmx.enabled=false, org.springframework.boot.test.autoconfigure.web.servlet.WebMvcTestContextBootstrapper=true, server.port=-1}

  .   ____          _            __ _ _
 /\\ / ___'_ __ _ _(_)_ __  __ _ \ \ \ \
( ( )\___ | '_ | '_| | '_ \/ _` | \ \ \ \
 \\/  ___)| |_)| | | | | || (_| |  ) ) ) )
  '  |____| .__|_| |_|_| |_\__, | / / / /
 =========|_|==============|___/=/_/_/_/
 :: Spring Boot ::        (v2.1.7.RELEASE)

2020-12-14 23:14:58.225  INFO 2668 --- [    Test worker] c.j.b.s.web.HelloControllerTest          : Starting HelloControllerTest on wook-MacBook-Pro.local with PID 2668 (started by wook in /Users/wook/ProjectI/springboot2)
2020-12-14 23:14:58.226  INFO 2668 --- [    Test worker] c.j.b.s.web.HelloControllerTest          : The following profiles are active: oauth
2020-12-14 23:14:59.183  INFO 2668 --- [    Test worker] o.s.s.concurrent.ThreadPoolTaskExecutor  : Initializing ExecutorService 'applicationTaskExecutor'
2020-12-14 23:14:59.257  INFO 2668 --- [    Test worker] o.s.b.a.w.s.WelcomePageHandlerMapping    : Adding welcome page: class path resource [static/index.html]
2020-12-14 23:14:59.481  INFO 2668 --- [    Test worker] .s.s.UserDetailsServiceAutoConfiguration : 

Using generated security password: c73dd8a5-02c4-4736-a699-f56469a59287

2020-12-14 23:14:59.617  INFO 2668 --- [    Test worker] o.s.s.web.DefaultSecurityFilterChain     : Creating filter chain: any request, [org.springframework.security.web.context.request.async.WebAsyncManagerIntegrationFilter@5d17d2bf, org.springframework.security.web.context.SecurityContextPersistenceFilter@560b42b8, org.springframework.security.web.header.HeaderWriterFilter@901295e, org.springframework.security.web.csrf.CsrfFilter@671aeb2f, org.springframework.security.web.authentication.logout.LogoutFilter@47ca9e1d, org.springframework.security.web.authentication.UsernamePasswordAuthenticationFilter@13ebe613, org.springframework.security.web.authentication.ui.DefaultLoginPageGeneratingFilter@42d7cb95, org.springframework.security.web.authentication.ui.DefaultLogoutPageGeneratingFilter@53731bb3, org.springframework.security.web.authentication.www.BasicAuthenticationFilter@34b1cdff, org.springframework.security.web.savedrequest.RequestCacheAwareFilter@271313d6, org.springframework.security.web.servletapi.SecurityContextHolderAwareRequestFilter@16472d36, org.springframework.security.web.authentication.AnonymousAuthenticationFilter@389e89c1, org.springframework.security.web.session.SessionManagementFilter@423b93b0, org.springframework.security.web.access.ExceptionTranslationFilter@6a0463bb, org.springframework.security.web.access.intercept.FilterSecurityInterceptor@55fe9e23]
2020-12-14 23:14:59.651  INFO 2668 --- [    Test worker] o.s.b.t.m.w.SpringBootMockServletContext : Initializing Spring TestDispatcherServlet ''
2020-12-14 23:14:59.651  INFO 2668 --- [    Test worker] o.s.t.web.servlet.TestDispatcherServlet  : Initializing Servlet ''
2020-12-14 23:14:59.660  INFO 2668 --- [    Test worker] o.s.t.web.servlet.TestDispatcherServlet  : Completed initialization in 9 ms
2020-12-14 23:14:59.699  INFO 2668 --- [    Test worker] c.j.b.s.web.HelloControllerTest          : Started HelloControllerTest in 1.833 seconds (JVM running for 2.72)
]]></system-out>
  <system-err><![CDATA[]]></system-err>
</testsuite>
