<?xml version="1.0" encoding="UTF-8"?>
<testsuite name="com.jk.book.springboot.web.HelloControllerTest" tests="2" skipped="0" failures="0" errors="0" timestamp="2020-12-09T15:04:12" hostname="wook-MacBook-Pro.local" time="0.142">
  <properties/>
  <testcase name="hello_리턴된다" classname="com.jk.book.springboot.web.HelloControllerTest" time="0.064"/>
  <testcase name="helloDto가_리턴된다" classname="com.jk.book.springboot.web.HelloControllerTest" time="0.078"/>
  <system-out><![CDATA[2020-12-10 00:04:11.402  INFO 9296 --- [    Test worker] .b.t.a.w.s.WebMvcTestContextBootstrapper : Neither @ContextConfiguration nor @ContextHierarchy found for test class [com.jk.book.springboot.web.HelloControllerTest], using SpringBootContextLoader
2020-12-10 00:04:11.403  INFO 9296 --- [    Test worker] o.s.t.c.support.AbstractContextLoader    : Could not detect default resource locations for test class [com.jk.book.springboot.web.HelloControllerTest]: no resource found for suffixes {-context.xml, Context.groovy}.
2020-12-10 00:04:11.403  INFO 9296 --- [    Test worker] t.c.s.AnnotationConfigContextLoaderUtils : Could not detect default configuration classes for test class [com.jk.book.springboot.web.HelloControllerTest]: HelloControllerTest does not declare any static, non-private, non-final, nested classes annotated with @Configuration.
2020-12-10 00:04:11.420  INFO 9296 --- [    Test worker] .b.t.c.SpringBootTestContextBootstrapper : Found @SpringBootConfiguration com.jk.book.springboot.Application for test class com.jk.book.springboot.web.HelloControllerTest
2020-12-10 00:04:11.421  INFO 9296 --- [    Test worker] .b.t.a.w.s.WebMvcTestContextBootstrapper : Loaded default TestExecutionListener class names from location [META-INF/spring.factories]: [org.springframework.security.test.context.support.WithSecurityContextTestExecutionListener, org.springframework.security.test.context.support.ReactorContextTestExecutionListener, org.springframework.boot.test.autoconfigure.restdocs.RestDocsTestExecutionListener, org.springframework.boot.test.autoconfigure.web.client.MockRestServiceServerResetTestExecutionListener, org.springframework.boot.test.autoconfigure.web.servlet.MockMvcPrintOnlyOnFailureTestExecutionListener, org.springframework.boot.test.autoconfigure.web.servlet.WebDriverTestExecutionListener, org.springframework.boot.test.mock.mockito.MockitoTestExecutionListener, org.springframework.boot.test.mock.mockito.ResetMocksTestExecutionListener, org.springframework.test.context.web.ServletTestExecutionListener, org.springframework.test.context.support.DirtiesContextBeforeModesTestExecutionListener, org.springframework.test.context.support.DependencyInjectionTestExecutionListener, org.springframework.test.context.support.DirtiesContextTestExecutionListener, org.springframework.test.context.transaction.TransactionalTestExecutionListener, org.springframework.test.context.jdbc.SqlScriptsTestExecutionListener]
2020-12-10 00:04:11.422  INFO 9296 --- [    Test worker] .b.t.a.w.s.WebMvcTestContextBootstrapper : Using TestExecutionListeners: [org.springframework.test.context.web.ServletTestExecutionListener@249c6b1b, org.springframework.test.context.support.DirtiesContextBeforeModesTestExecutionListener@3b52a444, org.springframework.boot.test.mock.mockito.MockitoTestExecutionListener@5ec4c3ff, org.springframework.boot.test.autoconfigure.SpringBootDependencyInjectionTestExecutionListener@1a1b0a63, org.springframework.test.context.support.DirtiesContextTestExecutionListener@5d986e88, org.springframework.test.context.transaction.TransactionalTestExecutionListener@73c681fb, org.springframework.test.context.jdbc.SqlScriptsTestExecutionListener@b657f47, org.springframework.security.test.context.support.WithSecurityContextTestExecutionListener@496f345a, org.springframework.security.test.context.support.ReactorContextTestExecutionListener@579defd1, org.springframework.boot.test.autoconfigure.restdocs.RestDocsTestExecutionListener@10936580, org.springframework.boot.test.autoconfigure.web.client.MockRestServiceServerResetTestExecutionListener@30acbf92, org.springframework.boot.test.autoconfigure.web.servlet.MockMvcPrintOnlyOnFailureTestExecutionListener@d18039, org.springframework.boot.test.autoconfigure.web.servlet.WebDriverTestExecutionListener@380a0495, org.springframework.boot.test.mock.mockito.ResetMocksTestExecutionListener@333ed971]

  .   ____          _            __ _ _
 /\\ / ___'_ __ _ _(_)_ __  __ _ \ \ \ \
( ( )\___ | '_ | '_| | '_ \/ _` | \ \ \ \
 \\/  ___)| |_)| | | | | || (_| |  ) ) ) )
  '  |____| .__|_| |_|_| |_\__, | / / / /
 =========|_|==============|___/=/_/_/_/
 :: Spring Boot ::        (v2.1.7.RELEASE)

2020-12-10 00:04:11.465  INFO 9296 --- [    Test worker] c.j.b.s.web.HelloControllerTest          : Starting HelloControllerTest on wook-MacBook-Pro.local with PID 9296 (started by wook in /Users/wook/ProjectI/springboot2)
2020-12-10 00:04:11.465  INFO 9296 --- [    Test worker] c.j.b.s.web.HelloControllerTest          : The following profiles are active: oauth
2020-12-10 00:04:11.778  INFO 9296 --- [    Test worker] o.s.s.concurrent.ThreadPoolTaskExecutor  : Initializing ExecutorService 'applicationTaskExecutor'
2020-12-10 00:04:11.803  INFO 9296 --- [    Test worker] o.s.b.a.w.s.WelcomePageHandlerMapping    : Adding welcome page: class path resource [static/index.html]
2020-12-10 00:04:11.936  INFO 9296 --- [    Test worker] .s.s.UserDetailsServiceAutoConfiguration : 

Using generated security password: 9832af15-a6a7-40f0-956a-0d6e6f2370b0

2020-12-10 00:04:12.025  INFO 9296 --- [    Test worker] o.s.s.web.DefaultSecurityFilterChain     : Creating filter chain: any request, [org.springframework.security.web.context.request.async.WebAsyncManagerIntegrationFilter@48d150d1, org.springframework.security.web.context.SecurityContextPersistenceFilter@314bde50, org.springframework.security.web.header.HeaderWriterFilter@59b7f9e6, org.springframework.security.web.csrf.CsrfFilter@2a5a0223, org.springframework.security.web.authentication.logout.LogoutFilter@1fd402c8, org.springframework.security.web.authentication.UsernamePasswordAuthenticationFilter@d5f3eb5, org.springframework.security.web.authentication.ui.DefaultLoginPageGeneratingFilter@63152039, org.springframework.security.web.authentication.ui.DefaultLogoutPageGeneratingFilter@5c86b606, org.springframework.security.web.authentication.www.BasicAuthenticationFilter@65be9a6e, org.springframework.security.web.savedrequest.RequestCacheAwareFilter@13047fc7, org.springframework.security.web.servletapi.SecurityContextHolderAwareRequestFilter@759acc88, org.springframework.security.web.authentication.AnonymousAuthenticationFilter@4d7a3a12, org.springframework.security.web.session.SessionManagementFilter@2306a3e9, org.springframework.security.web.access.ExceptionTranslationFilter@513e6a74, org.springframework.security.web.access.intercept.FilterSecurityInterceptor@f383f54]
2020-12-10 00:04:12.040  INFO 9296 --- [    Test worker] o.s.b.t.m.w.SpringBootMockServletContext : Initializing Spring TestDispatcherServlet ''
2020-12-10 00:04:12.040  INFO 9296 --- [    Test worker] o.s.t.web.servlet.TestDispatcherServlet  : Initializing Servlet ''
2020-12-10 00:04:12.051  INFO 9296 --- [    Test worker] o.s.t.web.servlet.TestDispatcherServlet  : Completed initialization in 11 ms
2020-12-10 00:04:12.076  INFO 9296 --- [    Test worker] c.j.b.s.web.HelloControllerTest          : Started HelloControllerTest in 0.645 seconds (JVM running for 7.157)
]]></system-out>
  <system-err><![CDATA[]]></system-err>
</testsuite>
