<?xml version="1.0" encoding="UTF-8"?>
<testsuite name="com.jk.book.springboot.web.HelloControllerTest" tests="2" skipped="0" failures="0" errors="0" timestamp="2020-12-14T12:36:48" hostname="wook-MacBook-Pro.local" time="0.208">
  <properties/>
  <testcase name="hello_리턴된다" classname="com.jk.book.springboot.web.HelloControllerTest" time="0.147"/>
  <testcase name="helloDto가_리턴된다" classname="com.jk.book.springboot.web.HelloControllerTest" time="0.06"/>
  <system-out><![CDATA[21:36:46.123 [Test worker] DEBUG org.springframework.test.context.junit4.SpringJUnit4ClassRunner - SpringJUnit4ClassRunner constructor called with [class com.jk.book.springboot.web.HelloControllerTest]
21:36:46.127 [Test worker] DEBUG org.springframework.test.context.BootstrapUtils - Instantiating CacheAwareContextLoaderDelegate from class [org.springframework.test.context.cache.DefaultCacheAwareContextLoaderDelegate]
21:36:46.133 [Test worker] DEBUG org.springframework.test.context.BootstrapUtils - Instantiating BootstrapContext using constructor [public org.springframework.test.context.support.DefaultBootstrapContext(java.lang.Class,org.springframework.test.context.CacheAwareContextLoaderDelegate)]
21:36:46.148 [Test worker] DEBUG org.springframework.test.context.BootstrapUtils - Instantiating TestContextBootstrapper for test class [com.jk.book.springboot.web.HelloControllerTest] from class [org.springframework.boot.test.autoconfigure.web.servlet.WebMvcTestContextBootstrapper]
21:36:46.159 [Test worker] INFO org.springframework.boot.test.autoconfigure.web.servlet.WebMvcTestContextBootstrapper - Neither @ContextConfiguration nor @ContextHierarchy found for test class [com.jk.book.springboot.web.HelloControllerTest], using SpringBootContextLoader
21:36:46.161 [Test worker] DEBUG org.springframework.test.context.support.AbstractContextLoader - Did not detect default resource location for test class [com.jk.book.springboot.web.HelloControllerTest]: class path resource [com/jk/book/springboot/web/HelloControllerTest-context.xml] does not exist
21:36:46.162 [Test worker] DEBUG org.springframework.test.context.support.AbstractContextLoader - Did not detect default resource location for test class [com.jk.book.springboot.web.HelloControllerTest]: class path resource [com/jk/book/springboot/web/HelloControllerTestContext.groovy] does not exist
21:36:46.162 [Test worker] INFO org.springframework.test.context.support.AbstractContextLoader - Could not detect default resource locations for test class [com.jk.book.springboot.web.HelloControllerTest]: no resource found for suffixes {-context.xml, Context.groovy}.
21:36:46.162 [Test worker] INFO org.springframework.test.context.support.AnnotationConfigContextLoaderUtils - Could not detect default configuration classes for test class [com.jk.book.springboot.web.HelloControllerTest]: HelloControllerTest does not declare any static, non-private, non-final, nested classes annotated with @Configuration.
21:36:46.207 [Test worker] DEBUG org.springframework.test.context.support.ActiveProfilesUtils - Could not find an 'annotation declaring class' for annotation type [org.springframework.test.context.ActiveProfiles] and class [com.jk.book.springboot.web.HelloControllerTest]
21:36:46.259 [Test worker] DEBUG org.springframework.context.annotation.ClassPathScanningCandidateComponentProvider - Identified candidate component class: file [/Users/wook/ProjectI/springboot2/build/classes/java/main/com/jk/book/springboot/Application.class]
21:36:46.260 [Test worker] INFO org.springframework.boot.test.context.SpringBootTestContextBootstrapper - Found @SpringBootConfiguration com.jk.book.springboot.Application for test class com.jk.book.springboot.web.HelloControllerTest
21:36:46.261 [Test worker] DEBUG org.springframework.boot.test.autoconfigure.web.servlet.WebMvcTestContextBootstrapper - @TestExecutionListeners is not present for class [com.jk.book.springboot.web.HelloControllerTest]: using defaults.
21:36:46.262 [Test worker] INFO org.springframework.boot.test.autoconfigure.web.servlet.WebMvcTestContextBootstrapper - Loaded default TestExecutionListener class names from location [META-INF/spring.factories]: [org.springframework.security.test.context.support.WithSecurityContextTestExecutionListener, org.springframework.security.test.context.support.ReactorContextTestExecutionListener, org.springframework.boot.test.autoconfigure.restdocs.RestDocsTestExecutionListener, org.springframework.boot.test.autoconfigure.web.client.MockRestServiceServerResetTestExecutionListener, org.springframework.boot.test.autoconfigure.web.servlet.MockMvcPrintOnlyOnFailureTestExecutionListener, org.springframework.boot.test.autoconfigure.web.servlet.WebDriverTestExecutionListener, org.springframework.boot.test.mock.mockito.MockitoTestExecutionListener, org.springframework.boot.test.mock.mockito.ResetMocksTestExecutionListener, org.springframework.test.context.web.ServletTestExecutionListener, org.springframework.test.context.support.DirtiesContextBeforeModesTestExecutionListener, org.springframework.test.context.support.DependencyInjectionTestExecutionListener, org.springframework.test.context.support.DirtiesContextTestExecutionListener, org.springframework.test.context.transaction.TransactionalTestExecutionListener, org.springframework.test.context.jdbc.SqlScriptsTestExecutionListener]
21:36:46.280 [Test worker] INFO org.springframework.boot.test.autoconfigure.web.servlet.WebMvcTestContextBootstrapper - Using TestExecutionListeners: [org.springframework.test.context.web.ServletTestExecutionListener@7bf486ed, org.springframework.test.context.support.DirtiesContextBeforeModesTestExecutionListener@72e6bc5b, org.springframework.boot.test.mock.mockito.MockitoTestExecutionListener@3f05852b, org.springframework.boot.test.autoconfigure.SpringBootDependencyInjectionTestExecutionListener@191bc3e7, org.springframework.test.context.support.DirtiesContextTestExecutionListener@4607edc7, org.springframework.test.context.transaction.TransactionalTestExecutionListener@1c49538, org.springframework.test.context.jdbc.SqlScriptsTestExecutionListener@12fb64f6, org.springframework.security.test.context.support.WithSecurityContextTestExecutionListener@553899b5, org.springframework.security.test.context.support.ReactorContextTestExecutionListener@2ca83f00, org.springframework.boot.test.autoconfigure.restdocs.RestDocsTestExecutionListener@9e002f8, org.springframework.boot.test.autoconfigure.web.client.MockRestServiceServerResetTestExecutionListener@40f50be6, org.springframework.boot.test.autoconfigure.web.servlet.MockMvcPrintOnlyOnFailureTestExecutionListener@5111d77c, org.springframework.boot.test.autoconfigure.web.servlet.WebDriverTestExecutionListener@3c2ca261, org.springframework.boot.test.mock.mockito.ResetMocksTestExecutionListener@35d280de]
21:36:46.282 [Test worker] DEBUG org.springframework.test.annotation.ProfileValueUtils - Retrieved @ProfileValueSourceConfiguration [null] for test class [com.jk.book.springboot.web.HelloControllerTest]
21:36:46.282 [Test worker] DEBUG org.springframework.test.annotation.ProfileValueUtils - Retrieved ProfileValueSource type [class org.springframework.test.annotation.SystemProfileValueSource] for class [com.jk.book.springboot.web.HelloControllerTest]
21:36:46.282 [Test worker] DEBUG org.springframework.test.annotation.ProfileValueUtils - Retrieved @ProfileValueSourceConfiguration [null] for test class [com.jk.book.springboot.web.HelloControllerTest]
21:36:46.282 [Test worker] DEBUG org.springframework.test.annotation.ProfileValueUtils - Retrieved ProfileValueSource type [class org.springframework.test.annotation.SystemProfileValueSource] for class [com.jk.book.springboot.web.HelloControllerTest]
21:36:46.285 [Test worker] DEBUG org.springframework.test.context.support.AbstractDirtiesContextTestExecutionListener - Before test class: context [DefaultTestContext@5ec7d266 testClass = HelloControllerTest, testInstance = [null], testMethod = [null], testException = [null], mergedContextConfiguration = [WebMergedContextConfiguration@23e26ca3 testClass = HelloControllerTest, locations = '{}', classes = '{class com.jk.book.springboot.Application}', contextInitializerClasses = '[]', activeProfiles = '{}', propertySourceLocations = '{}', propertySourceProperties = '{org.springframework.boot.test.autoconfigure.web.servlet.WebMvcTestContextBootstrapper=true}', contextCustomizers = set[org.springframework.boot.test.autoconfigure.OverrideAutoConfigurationContextCustomizerFactory$DisableAutoConfigurationContextCustomizer@44ee7279, org.springframework.boot.test.autoconfigure.filter.TypeExcludeFiltersContextCustomizer@9af62d6f, org.springframework.boot.test.autoconfigure.properties.PropertyMappingContextCustomizer@a9906962, org.springframework.boot.test.autoconfigure.web.servlet.WebDriverContextCustomizerFactory$Customizer@3447e62f, [ImportsContextCustomizer@7a2c4cff key = [org.springframework.boot.autoconfigure.cache.CacheAutoConfiguration, org.springframework.boot.autoconfigure.context.MessageSourceAutoConfiguration, org.springframework.boot.autoconfigure.data.web.SpringDataWebAutoConfiguration, org.springframework.boot.autoconfigure.freemarker.FreeMarkerAutoConfiguration, org.springframework.boot.autoconfigure.groovy.template.GroovyTemplateAutoConfiguration, org.springframework.boot.autoconfigure.gson.GsonAutoConfiguration, org.springframework.boot.autoconfigure.hateoas.HypermediaAutoConfiguration, org.springframework.boot.autoconfigure.http.HttpMessageConvertersAutoConfiguration, org.springframework.boot.autoconfigure.jackson.JacksonAutoConfiguration, org.springframework.boot.autoconfigure.jsonb.JsonbAutoConfiguration, org.springframework.boot.autoconfigure.mustache.MustacheAutoConfiguration, org.springframework.boot.autoconfigure.task.TaskExecutionAutoConfiguration, org.springframework.boot.autoconfigure.thymeleaf.ThymeleafAutoConfiguration, org.springframework.boot.autoconfigure.validation.ValidationAutoConfiguration, org.springframework.boot.autoconfigure.web.servlet.error.ErrorMvcAutoConfiguration, org.springframework.boot.autoconfigure.web.servlet.WebMvcAutoConfiguration, org.springframework.boot.test.autoconfigure.web.servlet.MockMvcAutoConfiguration, org.springframework.boot.test.autoconfigure.web.servlet.MockMvcSecurityAutoConfiguration, org.springframework.boot.test.autoconfigure.web.servlet.MockMvcWebClientAutoConfiguration, org.springframework.boot.test.autoconfigure.web.servlet.MockMvcWebDriverAutoConfiguration]], org.springframework.boot.test.context.filter.ExcludeFilterContextCustomizer@64d64c91, org.springframework.boot.test.json.DuplicateJsonObjectContextCustomizerFactory$DuplicateJsonObjectContextCustomizer@6b9a6fc9, org.springframework.boot.test.mock.mockito.MockitoContextCustomizer@0], resourceBasePath = 'src/main/webapp', contextLoader = 'org.springframework.boot.test.context.SpringBootContextLoader', parent = [null]], attributes = map[[empty]]], class annotated with @DirtiesContext [false] with mode [null].
21:36:46.285 [Test worker] DEBUG org.springframework.test.annotation.ProfileValueUtils - Retrieved @ProfileValueSourceConfiguration [null] for test class [com.jk.book.springboot.web.HelloControllerTest]
21:36:46.285 [Test worker] DEBUG org.springframework.test.annotation.ProfileValueUtils - Retrieved ProfileValueSource type [class org.springframework.test.annotation.SystemProfileValueSource] for class [com.jk.book.springboot.web.HelloControllerTest]
21:36:46.288 [Test worker] DEBUG org.springframework.test.context.support.DependencyInjectionTestExecutionListener - Performing dependency injection for test context [[DefaultTestContext@5ec7d266 testClass = HelloControllerTest, testInstance = com.jk.book.springboot.web.HelloControllerTest@3486232c, testMethod = [null], testException = [null], mergedContextConfiguration = [WebMergedContextConfiguration@23e26ca3 testClass = HelloControllerTest, locations = '{}', classes = '{class com.jk.book.springboot.Application}', contextInitializerClasses = '[]', activeProfiles = '{}', propertySourceLocations = '{}', propertySourceProperties = '{org.springframework.boot.test.autoconfigure.web.servlet.WebMvcTestContextBootstrapper=true}', contextCustomizers = set[org.springframework.boot.test.autoconfigure.OverrideAutoConfigurationContextCustomizerFactory$DisableAutoConfigurationContextCustomizer@44ee7279, org.springframework.boot.test.autoconfigure.filter.TypeExcludeFiltersContextCustomizer@9af62d6f, org.springframework.boot.test.autoconfigure.properties.PropertyMappingContextCustomizer@a9906962, org.springframework.boot.test.autoconfigure.web.servlet.WebDriverContextCustomizerFactory$Customizer@3447e62f, [ImportsContextCustomizer@7a2c4cff key = [org.springframework.boot.autoconfigure.cache.CacheAutoConfiguration, org.springframework.boot.autoconfigure.context.MessageSourceAutoConfiguration, org.springframework.boot.autoconfigure.data.web.SpringDataWebAutoConfiguration, org.springframework.boot.autoconfigure.freemarker.FreeMarkerAutoConfiguration, org.springframework.boot.autoconfigure.groovy.template.GroovyTemplateAutoConfiguration, org.springframework.boot.autoconfigure.gson.GsonAutoConfiguration, org.springframework.boot.autoconfigure.hateoas.HypermediaAutoConfiguration, org.springframework.boot.autoconfigure.http.HttpMessageConvertersAutoConfiguration, org.springframework.boot.autoconfigure.jackson.JacksonAutoConfiguration, org.springframework.boot.autoconfigure.jsonb.JsonbAutoConfiguration, org.springframework.boot.autoconfigure.mustache.MustacheAutoConfiguration, org.springframework.boot.autoconfigure.task.TaskExecutionAutoConfiguration, org.springframework.boot.autoconfigure.thymeleaf.ThymeleafAutoConfiguration, org.springframework.boot.autoconfigure.validation.ValidationAutoConfiguration, org.springframework.boot.autoconfigure.web.servlet.error.ErrorMvcAutoConfiguration, org.springframework.boot.autoconfigure.web.servlet.WebMvcAutoConfiguration, org.springframework.boot.test.autoconfigure.web.servlet.MockMvcAutoConfiguration, org.springframework.boot.test.autoconfigure.web.servlet.MockMvcSecurityAutoConfiguration, org.springframework.boot.test.autoconfigure.web.servlet.MockMvcWebClientAutoConfiguration, org.springframework.boot.test.autoconfigure.web.servlet.MockMvcWebDriverAutoConfiguration]], org.springframework.boot.test.context.filter.ExcludeFilterContextCustomizer@64d64c91, org.springframework.boot.test.json.DuplicateJsonObjectContextCustomizerFactory$DuplicateJsonObjectContextCustomizer@6b9a6fc9, org.springframework.boot.test.mock.mockito.MockitoContextCustomizer@0], resourceBasePath = 'src/main/webapp', contextLoader = 'org.springframework.boot.test.context.SpringBootContextLoader', parent = [null]], attributes = map[[empty]]]].
21:36:46.356 [Test worker] DEBUG org.springframework.test.context.support.TestPropertySourceUtils - Adding inlined properties to environment: {spring.jmx.enabled=false, org.springframework.boot.test.autoconfigure.web.servlet.WebMvcTestContextBootstrapper=true, server.port=-1}

  .   ____          _            __ _ _
 /\\ / ___'_ __ _ _(_)_ __  __ _ \ \ \ \
( ( )\___ | '_ | '_| | '_ \/ _` | \ \ \ \
 \\/  ___)| |_)| | | | | || (_| |  ) ) ) )
  '  |____| .__|_| |_|_| |_\__, | / / / /
 =========|_|==============|___/=/_/_/_/
 :: Spring Boot ::        (v2.1.7.RELEASE)

2020-12-14 21:36:46.708  INFO 2188 --- [    Test worker] c.j.b.s.web.HelloControllerTest          : Starting HelloControllerTest on wook-MacBook-Pro.local with PID 2188 (started by wook in /Users/wook/ProjectI/springboot2)
2020-12-14 21:36:46.709  INFO 2188 --- [    Test worker] c.j.b.s.web.HelloControllerTest          : The following profiles are active: oauth
2020-12-14 21:36:47.629  INFO 2188 --- [    Test worker] o.s.s.concurrent.ThreadPoolTaskExecutor  : Initializing ExecutorService 'applicationTaskExecutor'
2020-12-14 21:36:47.699  INFO 2188 --- [    Test worker] o.s.b.a.w.s.WelcomePageHandlerMapping    : Adding welcome page: class path resource [static/index.html]
2020-12-14 21:36:47.918  INFO 2188 --- [    Test worker] .s.s.UserDetailsServiceAutoConfiguration : 

Using generated security password: 350482f5-cabe-4078-8703-95c47b069da4

2020-12-14 21:36:48.054  INFO 2188 --- [    Test worker] o.s.s.web.DefaultSecurityFilterChain     : Creating filter chain: any request, [org.springframework.security.web.context.request.async.WebAsyncManagerIntegrationFilter@5be8da2b, org.springframework.security.web.context.SecurityContextPersistenceFilter@157af15, org.springframework.security.web.header.HeaderWriterFilter@2b0a621b, org.springframework.security.web.csrf.CsrfFilter@2497a5e4, org.springframework.security.web.authentication.logout.LogoutFilter@7a889bf2, org.springframework.security.web.authentication.UsernamePasswordAuthenticationFilter@5f27cfb4, org.springframework.security.web.authentication.ui.DefaultLoginPageGeneratingFilter@4cbbe73f, org.springframework.security.web.authentication.ui.DefaultLogoutPageGeneratingFilter@2683a23, org.springframework.security.web.authentication.www.BasicAuthenticationFilter@624fe67d, org.springframework.security.web.savedrequest.RequestCacheAwareFilter@15272638, org.springframework.security.web.servletapi.SecurityContextHolderAwareRequestFilter@1d593aa4, org.springframework.security.web.authentication.AnonymousAuthenticationFilter@7217e58d, org.springframework.security.web.session.SessionManagementFilter@c5c2e23, org.springframework.security.web.access.ExceptionTranslationFilter@5d089ed5, org.springframework.security.web.access.intercept.FilterSecurityInterceptor@109d3508]
2020-12-14 21:36:48.088  INFO 2188 --- [    Test worker] o.s.b.t.m.w.SpringBootMockServletContext : Initializing Spring TestDispatcherServlet ''
2020-12-14 21:36:48.088  INFO 2188 --- [    Test worker] o.s.t.web.servlet.TestDispatcherServlet  : Initializing Servlet ''
2020-12-14 21:36:48.098  INFO 2188 --- [    Test worker] o.s.t.web.servlet.TestDispatcherServlet  : Completed initialization in 10 ms
2020-12-14 21:36:48.133  INFO 2188 --- [    Test worker] c.j.b.s.web.HelloControllerTest          : Started HelloControllerTest in 1.771 seconds (JVM running for 2.477)
]]></system-out>
  <system-err><![CDATA[]]></system-err>
</testsuite>
