<?xml version="1.0" encoding="UTF-8"?>
<testsuite name="com.jk.book.springboot.domain.posts.PostsRepositoryTest" tests="2" skipped="0" failures="0" errors="0" timestamp="2020-12-16T14:50:53" hostname="wook-MacBook-Pro.local" time="0.024">
  <properties/>
  <testcase name="게시글저장_불러오기" classname="com.jk.book.springboot.domain.posts.PostsRepositoryTest" time="0.015"/>
  <testcase name="BaseTimeEntity_등록" classname="com.jk.book.springboot.domain.posts.PostsRepositoryTest" time="0.008"/>
  <system-out><![CDATA[2020-12-16 23:50:52.146  INFO 10635 --- [    Test worker] .b.t.c.SpringBootTestContextBootstrapper : Neither @ContextConfiguration nor @ContextHierarchy found for test class [com.jk.book.springboot.domain.posts.PostsRepositoryTest], using SpringBootContextLoader
2020-12-16 23:50:52.146  INFO 10635 --- [    Test worker] o.s.t.c.support.AbstractContextLoader    : Could not detect default resource locations for test class [com.jk.book.springboot.domain.posts.PostsRepositoryTest]: no resource found for suffixes {-context.xml, Context.groovy}.
2020-12-16 23:50:52.146  INFO 10635 --- [    Test worker] t.c.s.AnnotationConfigContextLoaderUtils : Could not detect default configuration classes for test class [com.jk.book.springboot.domain.posts.PostsRepositoryTest]: PostsRepositoryTest does not declare any static, non-private, non-final, nested classes annotated with @Configuration.
2020-12-16 23:50:52.151  INFO 10635 --- [    Test worker] .b.t.c.SpringBootTestContextBootstrapper : Found @SpringBootConfiguration com.jk.book.springboot.Application for test class com.jk.book.springboot.domain.posts.PostsRepositoryTest
2020-12-16 23:50:52.152  INFO 10635 --- [    Test worker] .b.t.c.SpringBootTestContextBootstrapper : Loaded default TestExecutionListener class names from location [META-INF/spring.factories]: [org.springframework.security.test.context.support.WithSecurityContextTestExecutionListener, org.springframework.security.test.context.support.ReactorContextTestExecutionListener, org.springframework.boot.test.autoconfigure.restdocs.RestDocsTestExecutionListener, org.springframework.boot.test.autoconfigure.web.client.MockRestServiceServerResetTestExecutionListener, org.springframework.boot.test.autoconfigure.web.servlet.MockMvcPrintOnlyOnFailureTestExecutionListener, org.springframework.boot.test.autoconfigure.web.servlet.WebDriverTestExecutionListener, org.springframework.boot.test.mock.mockito.MockitoTestExecutionListener, org.springframework.boot.test.mock.mockito.ResetMocksTestExecutionListener, org.springframework.test.context.web.ServletTestExecutionListener, org.springframework.test.context.support.DirtiesContextBeforeModesTestExecutionListener, org.springframework.test.context.support.DependencyInjectionTestExecutionListener, org.springframework.test.context.support.DirtiesContextTestExecutionListener, org.springframework.test.context.transaction.TransactionalTestExecutionListener, org.springframework.test.context.jdbc.SqlScriptsTestExecutionListener]
2020-12-16 23:50:52.152  INFO 10635 --- [    Test worker] .b.t.c.SpringBootTestContextBootstrapper : Using TestExecutionListeners: [org.springframework.test.context.web.ServletTestExecutionListener@13897d9a, org.springframework.test.context.support.DirtiesContextBeforeModesTestExecutionListener@6fa0dc27, org.springframework.boot.test.mock.mockito.MockitoTestExecutionListener@3acde62e, org.springframework.boot.test.autoconfigure.SpringBootDependencyInjectionTestExecutionListener@64b945fc, org.springframework.test.context.support.DirtiesContextTestExecutionListener@3c04915c, org.springframework.test.context.transaction.TransactionalTestExecutionListener@552c331f, org.springframework.test.context.jdbc.SqlScriptsTestExecutionListener@55302, org.springframework.security.test.context.support.WithSecurityContextTestExecutionListener@2ebd705b, org.springframework.security.test.context.support.ReactorContextTestExecutionListener@362b9aa1, org.springframework.boot.test.autoconfigure.restdocs.RestDocsTestExecutionListener@2abf3b0, org.springframework.boot.test.autoconfigure.web.client.MockRestServiceServerResetTestExecutionListener@289c3da4, org.springframework.boot.test.autoconfigure.web.servlet.MockMvcPrintOnlyOnFailureTestExecutionListener@6de6af44, org.springframework.boot.test.autoconfigure.web.servlet.WebDriverTestExecutionListener@7f2cecb, org.springframework.boot.test.mock.mockito.ResetMocksTestExecutionListener@5a199bf6]

  .   ____          _            __ _ _
 /\\ / ___'_ __ _ _(_)_ __  __ _ \ \ \ \
( ( )\___ | '_ | '_| | '_ \/ _` | \ \ \ \
 \\/  ___)| |_)| | | | | || (_| |  ) ) ) )
  '  |____| .__|_| |_|_| |_\__, | / / / /
 =========|_|==============|___/=/_/_/_/
 :: Spring Boot ::        (v2.1.7.RELEASE)

2020-12-16 23:50:52.170  INFO 10635 --- [    Test worker] c.j.b.s.d.posts.PostsRepositoryTest      : Starting PostsRepositoryTest on wook-MacBook-Pro.local with PID 10635 (started by wook in /Users/wook/ProjectI/springboot2)
2020-12-16 23:50:52.170  INFO 10635 --- [    Test worker] c.j.b.s.d.posts.PostsRepositoryTest      : The following profiles are active: oauth
2020-12-16 23:50:52.278  INFO 10635 --- [    Test worker] .s.d.r.c.RepositoryConfigurationDelegate : Bootstrapping Spring Data repositories in DEFAULT mode.
2020-12-16 23:50:52.289  INFO 10635 --- [    Test worker] .s.d.r.c.RepositoryConfigurationDelegate : Finished Spring Data repository scanning in 10ms. Found 2 repository interfaces.
2020-12-16 23:50:52.363  INFO 10635 --- [    Test worker] trationDelegate$BeanPostProcessorChecker : Bean 'org.springframework.transaction.annotation.ProxyTransactionManagementConfiguration' of type [org.springframework.transaction.annotation.ProxyTransactionManagementConfiguration$$EnhancerBySpringCGLIB$$3421563f] is not eligible for getting processed by all BeanPostProcessors (for example: not eligible for auto-proxying)
2020-12-16 23:50:52.433  INFO 10635 --- [    Test worker] com.zaxxer.hikari.HikariDataSource       : HikariPool-2 - Starting...
2020-12-16 23:50:52.434  INFO 10635 --- [    Test worker] com.zaxxer.hikari.HikariDataSource       : HikariPool-2 - Start completed.
2020-12-16 23:50:52.463  INFO 10635 --- [    Test worker] o.hibernate.jpa.internal.util.LogHelper  : HHH000204: Processing PersistenceUnitInfo [
	name: default
	...]
2020-12-16 23:50:52.468  INFO 10635 --- [    Test worker] org.hibernate.dialect.Dialect            : HHH000400: Using dialect: org.hibernate.dialect.MySQL5Dialect
Hibernate: drop table if exists posts
Hibernate: drop table if exists user
Hibernate: create table posts (id bigint not null auto_increment, created_date datetime, modified_date datetime, author varchar(255), content TEXT not null, title varchar(500) not null, primary key (id)) engine=MyISAM
Hibernate: create table user (id bigint not null auto_increment, email varchar(255) not null, name varchar(255) not null, picture varchar(255), role varchar(255) not null, primary key (id)) engine=MyISAM
2020-12-16 23:50:52.501  INFO 10635 --- [    Test worker] o.h.t.schema.internal.SchemaCreatorImpl  : HHH000476: Executing import script 'org.hibernate.tool.schema.internal.exec.ScriptSourceInputNonExistentImpl@5e0a5e75'
2020-12-16 23:50:52.502  INFO 10635 --- [    Test worker] j.LocalContainerEntityManagerFactoryBean : Initialized JPA EntityManagerFactory for persistence unit 'default'
2020-12-16 23:50:52.640  INFO 10635 --- [    Test worker] o.h.h.i.QueryTranslatorFactoryInitiator  : HHH000397: Using ASTQueryTranslatorFactory
2020-12-16 23:50:52.738  INFO 10635 --- [    Test worker] o.s.s.web.DefaultSecurityFilterChain     : Creating filter chain: any request, [org.springframework.security.web.context.request.async.WebAsyncManagerIntegrationFilter@b23ca6a, org.springframework.security.web.context.SecurityContextPersistenceFilter@55e18879, org.springframework.security.web.header.HeaderWriterFilter@2ea553f8, org.springframework.security.web.authentication.logout.LogoutFilter@2554bb40, org.springframework.security.oauth2.client.web.OAuth2AuthorizationRequestRedirectFilter@6b40af64, org.springframework.security.oauth2.client.web.OAuth2LoginAuthenticationFilter@46df7a42, org.springframework.security.web.authentication.ui.DefaultLoginPageGeneratingFilter@7c2f46fc, org.springframework.security.web.authentication.ui.DefaultLogoutPageGeneratingFilter@d90bd06, org.springframework.security.web.savedrequest.RequestCacheAwareFilter@38880773, org.springframework.security.web.servletapi.SecurityContextHolderAwareRequestFilter@3cb6b909, org.springframework.security.web.authentication.AnonymousAuthenticationFilter@63c5185f, org.springframework.security.web.session.SessionManagementFilter@5dd3a152, org.springframework.security.web.access.ExceptionTranslationFilter@4da927, org.springframework.security.web.access.intercept.FilterSecurityInterceptor@5eeb0bdb]
2020-12-16 23:50:52.905  INFO 10635 --- [    Test worker] o.s.s.concurrent.ThreadPoolTaskExecutor  : Initializing ExecutorService 'applicationTaskExecutor'
2020-12-16 23:50:52.915  WARN 10635 --- [    Test worker] aWebConfiguration$JpaWebMvcConfiguration : spring.jpa.open-in-view is enabled by default. Therefore, database queries may be performed during view rendering. Explicitly configure spring.jpa.open-in-view to disable this warning
2020-12-16 23:50:52.933  INFO 10635 --- [    Test worker] o.s.b.a.w.s.WelcomePageHandlerMapping    : Adding welcome page: class path resource [static/index.html]
2020-12-16 23:50:53.142  INFO 10635 --- [    Test worker] s.a.ScheduledAnnotationBeanPostProcessor : No TaskScheduler/ScheduledExecutorService bean found for scheduled processing
2020-12-16 23:50:53.143  INFO 10635 --- [    Test worker] c.j.b.s.d.posts.PostsRepositoryTest      : Started PostsRepositoryTest in 0.989 seconds (JVM running for 7.519)
Hibernate: insert into posts (created_date, modified_date, author, content, title) values (?, ?, ?, ?, ?)
Hibernate: select posts0_.id as id1_0_, posts0_.created_date as created_2_0_, posts0_.modified_date as modified3_0_, posts0_.author as author4_0_, posts0_.content as content5_0_, posts0_.title as title6_0_ from posts posts0_
Hibernate: select posts0_.id as id1_0_, posts0_.created_date as created_2_0_, posts0_.modified_date as modified3_0_, posts0_.author as author4_0_, posts0_.content as content5_0_, posts0_.title as title6_0_ from posts posts0_
Hibernate: delete from posts where id=?
Hibernate: insert into posts (created_date, modified_date, author, content, title) values (?, ?, ?, ?, ?)
Hibernate: select posts0_.id as id1_0_, posts0_.created_date as created_2_0_, posts0_.modified_date as modified3_0_, posts0_.author as author4_0_, posts0_.content as content5_0_, posts0_.title as title6_0_ from posts posts0_
>>>>>> CreateDate=2020-12-16T23:50:53.163, modifiedDate=2020-12-16T23:50:53.163
Hibernate: select posts0_.id as id1_0_, posts0_.created_date as created_2_0_, posts0_.modified_date as modified3_0_, posts0_.author as author4_0_, posts0_.content as content5_0_, posts0_.title as title6_0_ from posts posts0_
Hibernate: delete from posts where id=?
]]></system-out>
  <system-err><![CDATA[]]></system-err>
</testsuite>
